<?xml version="1.0" encoding="UTF-8"?>
<testng-results ignored="0" total="1" passed="1" failed="0" skipped="0">
  <reporter-output>
  </reporter-output>
  <suite started-at="2022-04-21T18:00:04 IST" name="Default suite" finished-at="2022-04-21T18:00:09 IST" duration-ms="5689">
    <groups>
    </groups>
    <test started-at="2022-04-21T18:00:04 IST" name="Default test" finished-at="2022-04-21T18:00:09 IST" duration-ms="5689">
      <class name="authentication.Oauth2_0">
        <test-method signature="oauth2()[pri:0, instance:authentication.Oauth2_0@1613674b]" started-at="2022-04-21T18:00:04 IST" name="oauth2" finished-at="2022-04-21T18:00:09 IST" duration-ms="5621" status="PASS">
          <reporter-output>
          </reporter-output>
        </test-method> <!-- oauth2 -->
      </class> <!-- authentication.Oauth2_0 -->
    </test> <!-- Default test -->
  </suite> <!-- Default suite -->
</testng-results>
