<?xml version="1.0" encoding="UTF-8"?>
<testng-results ignored="0" total="1" passed="1" failed="0" skipped="0">
  <reporter-output>
  </reporter-output>
  <suite started-at="2022-04-22T15:20:35 IST" name="Default suite" finished-at="2022-04-22T15:20:36 IST" duration-ms="1183">
    <groups>
    </groups>
    <test started-at="2022-04-22T15:20:35 IST" name="Default test" finished-at="2022-04-22T15:20:36 IST" duration-ms="1183">
      <class name="rmgyantraFramework.CreateProjectAndVarifyDataBase">
        <test-method is-config="true" signature="bsConfig()[pri:0, instance:rmgyantraFramework.CreateProjectAndVarifyDataBase@4d465b11]" started-at="2022-04-22T15:20:34 IST" name="bsConfig" finished-at="2022-04-22T15:20:35 IST" duration-ms="379" status="PASS">
          <reporter-output>
          </reporter-output>
        </test-method> <!-- bsConfig -->
        <test-method signature="createProjectAndVarifyDataBase()[pri:0, instance:rmgyantraFramework.CreateProjectAndVarifyDataBase@4d465b11]" started-at="2022-04-22T15:20:35 IST" name="createProjectAndVarifyDataBase" finished-at="2022-04-22T15:20:36 IST" duration-ms="1161" status="PASS">
          <reporter-output>
          </reporter-output>
        </test-method> <!-- createProjectAndVarifyDataBase -->
        <test-method is-config="true" signature="asConfig()[pri:0, instance:rmgyantraFramework.CreateProjectAndVarifyDataBase@4d465b11]" started-at="2022-04-22T15:20:36 IST" name="asConfig" finished-at="2022-04-22T15:20:36 IST" duration-ms="4" status="PASS">
          <reporter-output>
          </reporter-output>
        </test-method> <!-- asConfig -->
      </class> <!-- rmgyantraFramework.CreateProjectAndVarifyDataBase -->
    </test> <!-- Default test -->
  </suite> <!-- Default suite -->
</testng-results>
